\BOOKMARK [1][-]{section.1}{\376\377\000I\000n\000t\000r\000o\000d\000u\000c\000t\000i\000o\000n}{}% 1
\BOOKMARK [1][-]{section.2}{\376\377\000T\000h\000e\000o\000r\000e\000t\000i\000c\000a\000l\000\040\000f\000o\000u\000n\000d\000a\000t\000i\000o\000n\000s}{}% 2
\BOOKMARK [2][-]{subsection.2.1}{\376\377\000T\000h\000e\000\040\000d\000i\000v\000e\000r\000s\000i\000t\000y\000-\000p\000r\000e\000d\000i\000c\000t\000i\000o\000n\000\040\000t\000r\000a\000d\000e\000-\000o\000f\000f}{section.2}% 3
\BOOKMARK [2][-]{subsection.2.2}{\376\377\000T\000h\000e\000\040\000t\000a\000i\000l\000-\000t\000o\000-\000m\000e\000a\000n\000\040\000r\000a\000t\000i\000o\000\040\000a\000n\000d\000\040\000i\000t\000s\000\040\000s\000i\000z\000e\000\040\000i\000n\000d\000e\000p\000e\000n\000d\000e\000n\000c\000e}{section.2}% 4
\BOOKMARK [2][-]{subsection.2.3}{\376\377\000R\000o\000b\000u\000s\000t\000-\000y\000e\000t\000-\000f\000r\000a\000g\000i\000l\000e\000\040\000s\000y\000s\000t\000e\000m\000s}{section.2}% 5
\BOOKMARK [2][-]{subsection.2.4}{\376\377\000T\000h\000e\000\040\000s\000i\000n\000g\000l\000e\000-\000f\000a\000c\000t\000o\000r\000\040\000c\000o\000r\000r\000e\000l\000a\000t\000i\000o\000n\000\040\000s\000t\000r\000u\000c\000t\000u\000r\000e}{section.2}% 6
\BOOKMARK [2][-]{subsection.2.5}{\376\377\000W\000h\000a\000t\000\040\000t\000h\000e\000\040\000f\000o\000u\000r\000\040\000r\000e\000s\000u\000l\000t\000s\000\040\000e\000s\000t\000a\000b\000l\000i\000s\000h\000\040\000t\000o\000g\000e\000t\000h\000e\000r}{section.2}% 7
\BOOKMARK [1][-]{section.3}{\376\377\000A\000l\000g\000o\000r\000i\000t\000h\000m\000i\000c\000\040\000s\000c\000r\000e\000e\000n\000i\000n\000g\000\040\000a\000n\000d\000\040\000t\000h\000e\000\040\000e\000r\000o\000s\000i\000o\000n\000\040\000o\000f\000\040\000c\000o\000g\000n\000i\000t\000i\000v\000e\000\040\000e\000r\000r\000o\000r\000\040\000d\000i\000v\000e\000r\000s\000i\000t\000y}{}% 8
\BOOKMARK [2][-]{subsection.3.1}{\376\377\000T\000h\000r\000e\000e\000\040\000h\000i\000s\000t\000o\000r\000i\000c\000a\000l\000\040\000l\000a\000y\000e\000r\000s}{section.3}% 9
\BOOKMARK [2][-]{subsection.3.2}{\376\377\000C\000o\000n\000v\000e\000r\000g\000e\000n\000c\000e\000\040\000i\000n\000\040\000A\000I\000-\000a\000s\000s\000i\000s\000t\000e\000d\000\040\000c\000o\000g\000n\000i\000t\000i\000o\000n}{section.3}% 10
\BOOKMARK [2][-]{subsection.3.3}{\376\377\000S\000t\000r\000u\000c\000t\000u\000r\000a\000l\000\040\000r\000e\000s\000u\000l\000t\000\040\000a\000n\000d\000\040\000i\000t\000s\000\040\000l\000i\000m\000i\000t\000s}{section.3}% 11
\BOOKMARK [2][-]{subsection.3.4}{\376\377\000T\000h\000e\000\040\000b\000r\000i\000d\000g\000e\000\040\000t\000o\000\040\000e\000r\000r\000o\000r\000\040\000d\000e\000c\000o\000r\000r\000e\000l\000a\000t\000i\000o\000n}{section.3}% 12
\BOOKMARK [1][-]{section.4}{\376\377\000C\000o\000g\000n\000i\000t\000i\000v\000e\000\040\000s\000u\000r\000r\000e\000n\000d\000e\000r\000\040\000a\000n\000d\000\040\000d\000e\000s\000k\000i\000l\000l\000i\000n\000g}{}% 13
\BOOKMARK [2][-]{subsection.4.1}{\376\377\000T\000h\000e\000\040\000s\000u\000r\000r\000e\000n\000d\000e\000r\000\040\000d\000o\000c\000u\000m\000e\000n\000t\000e\000d}{section.4}% 14
\BOOKMARK [2][-]{subsection.4.2}{\376\377\000T\000h\000e\000\040\000d\000e\000s\000k\000i\000l\000l\000i\000n\000g\000\040\000t\000h\000a\000t\000\040\000f\000o\000l\000l\000o\000w\000s}{section.4}% 15
\BOOKMARK [2][-]{subsection.4.3}{\376\377\000T\000w\000o\000\040\000f\000e\000e\000d\000b\000a\000c\000k\000\040\000l\000o\000o\000p\000s\000\040\000t\000h\000e\000\040\000m\000o\000d\000e\000l\000\040\000o\000m\000i\000t\000s}{section.4}% 16
\BOOKMARK [1][-]{section.5}{\376\377\000T\000h\000e\000\040\000D\040\023\000H\000\040\000b\000r\000i\000d\000g\000e\000:\000\040\000t\000h\000e\000\040\000c\000e\000n\000t\000r\000a\000l\000\040\000i\000n\000f\000e\000r\000e\000n\000c\000e}{}% 17
\BOOKMARK [2][-]{subsection.5.1}{\376\377\000T\000w\000o\000\040\000d\000y\000n\000a\000m\000i\000c\000s\000,\000\040\000t\000w\000o\000\040\000t\000i\000m\000e\000s\000c\000a\000l\000e\000s}{section.5}% 18
\BOOKMARK [2][-]{subsection.5.2}{\376\377\000T\000h\000e\000\040\000c\000o\000n\000f\000o\000r\000m\000i\000s\000m\000\040\000m\000e\000c\000h\000a\000n\000i\000s\000m}{section.5}% 19
\BOOKMARK [2][-]{subsection.5.3}{\376\377\000W\000h\000a\000t\000\040\000i\000s\000\040\000e\000s\000t\000a\000b\000l\000i\000s\000h\000e\000d\000\040\000a\000n\000d\000\040\000w\000h\000a\000t\000\040\000i\000s\000\040\000i\000n\000f\000e\000r\000r\000e\000d}{section.5}% 20
\BOOKMARK [2][-]{subsection.5.4}{\376\377\000T\000h\000e\000\040\000i\000n\000t\000e\000r\000-\000c\000h\000a\000n\000n\000e\000l\000\040\000c\000o\000u\000p\000l\000i\000n\000g\000\040\000a\000n\000d\000\040\000i\000t\000s\000\040\000r\000o\000b\000u\000s\000t\000n\000e\000s\000s}{section.5}% 21
\BOOKMARK [1][-]{section.6}{\376\377\000M\000o\000d\000e\000l\000\040\000s\000p\000e\000c\000i\000f\000i\000c\000a\000t\000i\000o\000n\000\040\000a\000n\000d\000\040\000c\000a\000l\000i\000b\000r\000a\000t\000i\000o\000n}{}% 22
\BOOKMARK [2][-]{subsection.6.1}{\376\377\000A\000r\000c\000h\000i\000t\000e\000c\000t\000u\000r\000e}{section.6}% 23
\BOOKMARK [2][-]{subsection.6.2}{\376\377\000T\000h\000e\000\040\000D\000-\000c\000h\000a\000n\000n\000e\000l\000:\000\040\000c\000o\000g\000n\000i\000t\000i\000v\000e\000\040\000d\000i\000v\000e\000r\000s\000i\000t\000y\000\040\000u\000n\000d\000e\000r\000\040\000s\000c\000r\000e\000e\000n\000i\000n\000g}{section.6}% 24
\BOOKMARK [2][-]{subsection.6.3}{\376\377\000T\000h\000e\000\040\000H\000-\000c\000h\000a\000n\000n\000e\000l\000:\000\040\000s\000u\000r\000r\000e\000n\000d\000e\000r\000,\000\040\000c\000o\000n\000f\000o\000r\000m\000i\000s\000m\000,\000\040\000a\000n\000d\000\040\000d\000e\000s\000k\000i\000l\000l\000i\000n\000g}{section.6}% 25
\BOOKMARK [2][-]{subsection.6.4}{\376\377\000V\000a\000s\000i\000c\000e\000k\000\040\000s\000t\000r\000u\000c\000t\000u\000r\000e\000,\000\040\000c\000r\000i\000s\000i\000s\000\040\000r\000e\000g\000i\000m\000e\000,\000\040\000a\000n\000d\000\040\000t\000h\000e\000\040\000t\000w\000o\000\040\000c\000o\000r\000r\000e\000l\000a\000t\000i\000o\000n\000\040\000l\000e\000v\000e\000l\000s}{section.6}% 26
\BOOKMARK [2][-]{subsection.6.5}{\376\377\000T\000h\000e\000\040\000p\000r\000o\000d\000u\000c\000t\000i\000v\000i\000t\000y\000\040\000m\000u\000l\000t\000i\000p\000l\000i\000e\000r\000\040\000a\000n\000d\000\040\000t\000h\000e\000\040\000m\000a\000s\000k\000i\000n\000g\000\040\000m\000e\000c\000h\000a\000n\000i\000s\000m}{section.6}% 27
\BOOKMARK [2][-]{subsection.6.6}{\376\377\000S\000u\000m\000m\000a\000r\000y\000\040\000o\000f\000\040\000c\000r\000i\000t\000i\000c\000a\000l\000\040\000p\000a\000r\000a\000m\000e\000t\000e\000r\000s}{section.6}% 28
\BOOKMARK [1][-]{section.7}{\376\377\000M\000a\000i\000n\000\040\000r\000e\000s\000u\000l\000t\000s\000\040\000a\000n\000d\000\040\000m\000o\000d\000e\000l\000\040\000p\000r\000o\000p\000e\000r\000t\000i\000e\000s}{}% 29
\BOOKMARK [2][-]{subsection.7.1}{\376\377\000T\000h\000e\000\040\000b\000i\000m\000o\000d\000a\000l\000\040\000l\000o\000s\000s\000\040\000d\000i\000s\000t\000r\000i\000b\000u\000t\000i\000o\000n}{section.7}% 30
\BOOKMARK [2][-]{subsection.7.2}{\376\377\000T\000h\000e\000\040\000m\000e\000a\000n\000-\000t\000a\000i\000l\000\040\000p\000a\000r\000a\000d\000o\000x}{section.7}% 31
\BOOKMARK [2][-]{subsection.7.3}{\376\377\000T\000h\000e\000\040\000m\000a\000s\000k\000i\000n\000g\000\040\000m\000e\000c\000h\000a\000n\000i\000s\000m\000\040\000a\000n\000d\000\040\000t\000h\000e\000\040\000t\000o\000p\000-\000t\000i\000e\000r\000\040\000t\000w\000i\000s\000t}{section.7}% 32
\BOOKMARK [1][-]{section.8}{\376\377\000W\000h\000y\000\040\000m\000a\000r\000k\000e\000t\000s\000\040\000c\000a\000n\000n\000o\000t\000\040\000s\000e\000l\000f\000-\000c\000o\000r\000r\000e\000c\000t}{}% 33
\BOOKMARK [2][-]{subsection.8.1}{\376\377\000T\000w\000o\000\040\000c\000o\000r\000r\000e\000l\000a\000t\000i\000o\000n\000\040\000c\000h\000a\000n\000n\000e\000l\000s\000,\000\040\000o\000n\000e\000\040\000r\000e\000g\000u\000l\000a\000t\000o\000r\000y\000\040\000i\000m\000p\000l\000i\000c\000a\000t\000i\000o\000n}{section.8}% 34
\BOOKMARK [2][-]{subsection.8.2}{\376\377\000T\000h\000e\000\040\000e\000x\000t\000e\000r\000n\000a\000l\000i\000s\000a\000t\000i\000o\000n\000\040\000s\000t\000r\000u\000c\000t\000u\000r\000e\000\040\000a\000n\000d\000\040\000t\000h\000e\000\040\000N\000a\000s\000h\000\040\000e\000q\000u\000i\000l\000i\000b\000r\000i\000u\000m}{section.8}% 35
\BOOKMARK [2][-]{subsection.8.3}{\376\377\000T\000h\000e\000\040\000f\000i\000n\000a\000n\000c\000i\000a\000l\000\040\000p\000r\000e\000c\000e\000d\000e\000n\000t\000\040\000a\000n\000d\000\040\000i\000t\000s\000\040\000l\000i\000m\000i\000t\000s}{section.8}% 36
\BOOKMARK [2][-]{subsection.8.4}{\376\377\000T\000h\000e\000\040\000T\000r\000a\000g\000e\000d\000y\000\040\000o\000f\000\040\000t\000h\000e\000\040\000C\000o\000g\000n\000i\000t\000i\000v\000e\000\040\000C\000o\000m\000m\000o\000n\000s}{section.8}% 37
\BOOKMARK [1][-]{section.9}{\376\377\000L\000i\000m\000i\000t\000a\000t\000i\000o\000n\000s\000\040\000a\000n\000d\000\040\000e\000m\000p\000i\000r\000i\000c\000a\000l\000\040\000a\000g\000e\000n\000d\000a}{}% 38
\BOOKMARK [2][-]{subsection.9.1}{\376\377\000T\000h\000r\000e\000e\000\040\000s\000t\000r\000u\000c\000t\000u\000r\000a\000l\000\040\000l\000i\000m\000i\000t\000a\000t\000i\000o\000n\000s}{section.9}% 39
\BOOKMARK [2][-]{subsection.9.2}{\376\377\000T\000w\000o\000\040\000m\000o\000d\000e\000l\000\040\000o\000m\000i\000s\000s\000i\000o\000n\000s\000\040\000t\000h\000a\000t\000\040\000u\000n\000d\000e\000r\000e\000s\000t\000i\000m\000a\000t\000e\000\040\000t\000h\000e\000\040\000r\000i\000s\000k}{section.9}% 40
\BOOKMARK [2][-]{subsection.9.3}{\376\377\000E\000m\000p\000i\000r\000i\000c\000a\000l\000\040\000a\000g\000e\000n\000d\000a\000\040\000i\000n\000\040\000f\000o\000u\000r\000\040\000l\000e\000v\000e\000l\000s}{section.9}% 41
\BOOKMARK [2][-]{subsection.9.4}{\376\377\000I\000n\000d\000e\000p\000e\000n\000d\000e\000n\000t\000\040\000c\000o\000r\000r\000o\000b\000o\000r\000a\000t\000i\000o\000n\000\040\000a\000n\000d\000\040\000s\000c\000o\000p\000e}{section.9}% 42
\BOOKMARK [1][-]{section*.7}{\376\377\000A\000p\000p\000e\000n\000d\000i\000c\000e\000s}{}% 43
\BOOKMARK [1][-]{appendix.1.A}{\376\377\000M\000o\000d\000e\000l\000\040\000s\000p\000e\000c\000i\000f\000i\000c\000a\000t\000i\000o\000n}{}% 44
\BOOKMARK [2][-]{subsection.1.A.1}{\376\377\000O\000v\000e\000r\000v\000i\000e\000w}{appendix.1.A}% 45
\BOOKMARK [2][-]{subsection.1.A.2}{\376\377\000A\000g\000e\000n\000t\000\040\000i\000n\000i\000t\000i\000a\000l\000i\000s\000a\000t\000i\000o\000n}{appendix.1.A}% 46
\BOOKMARK [2][-]{subsection.1.A.3}{\376\377\000T\000e\000m\000p\000o\000r\000a\000l\000\040\000s\000t\000r\000u\000c\000t\000u\000r\000e}{appendix.1.A}% 47
\BOOKMARK [2][-]{subsection.1.A.4}{\376\377\000T\000h\000e\000\040\000D\000-\000c\000h\000a\000n\000n\000e\000l\000:\000\040\000s\000c\000r\000e\000e\000n\000i\000n\000g\000\040\000a\000n\000d\000\040\000c\000o\000g\000n\000i\000t\000i\000v\000e\000\040\000d\000i\000v\000e\000r\000s\000i\000t\000y}{appendix.1.A}% 48
\BOOKMARK [2][-]{subsection.1.A.5}{\376\377\000E\000n\000v\000i\000r\000o\000n\000m\000e\000n\000t\000a\000l\000\040\000r\000e\000g\000i\000m\000e\000\040\000a\000n\000d\000\040\000V\000a\000s\000i\000c\000e\000k\000\040\000c\000o\000u\000p\000l\000i\000n\000g\000\040\000\050\000v\0005\000\051}{appendix.1.A}% 49
\BOOKMARK [2][-]{subsection.1.A.6}{\376\377\000D\000e\000c\000i\000s\000i\000o\000n\000\040\000p\000r\000o\000c\000e\000s\000s\000\040\000a\000n\000d\000\040\000e\000r\000r\000o\000r\000\040\000s\000t\000r\000u\000c\000t\000u\000r\000e}{appendix.1.A}% 50
\BOOKMARK [2][-]{subsection.1.A.7}{\376\377\000D\000e\000s\000k\000i\000l\000l\000i\000n\000g}{appendix.1.A}% 51
\BOOKMARK [2][-]{subsection.1.A.8}{\376\377\000O\000u\000t\000p\000u\000t\000\040\000m\000e\000t\000r\000i\000c\000s}{appendix.1.A}% 52
\BOOKMARK [2][-]{subsection.1.A.9}{\376\377\000A\000n\000a\000l\000y\000t\000i\000c\000a\000l\000\040\000r\000e\000f\000e\000r\000e\000n\000c\000e\000\040\000c\000h\000e\000c\000k}{appendix.1.A}% 53
\BOOKMARK [1][-]{appendix.1.B}{\376\377\000C\000a\000l\000i\000b\000r\000a\000t\000i\000o\000n\000\040\000t\000a\000b\000l\000e\000s}{}% 54
\BOOKMARK [2][-]{subsection.1.B.1}{\376\377\000M\000a\000i\000n\000\040\000p\000a\000r\000a\000m\000e\000t\000e\000r\000\040\000t\000a\000b\000l\000e}{appendix.1.B}% 55
\BOOKMARK [2][-]{subsection.1.B.2}{\376\377\000P\000r\000o\000f\000i\000l\000e\000-\000s\000p\000e\000c\000i\000f\000i\000c\000\040\000o\000v\000e\000r\000r\000i\000d\000e\000s\000\040\000\050\000P\0001\040\023\000P\0008\000\051}{appendix.1.B}% 56
\BOOKMARK [2][-]{subsection.1.B.3}{\376\377\000F\000i\000v\000e\000\040\000f\000r\000a\000g\000i\000l\000e\000\040\000p\000a\000r\000a\000m\000e\000t\000e\000r\000s}{appendix.1.B}% 57
\BOOKMARK [1][-]{appendix.1.C}{\376\377\000S\000e\000n\000s\000i\000t\000i\000v\000i\000t\000y\000\040\000a\000n\000a\000l\000y\000s\000i\000s}{}% 58
\BOOKMARK [2][-]{subsection.1.C.1}{\376\377\000S\000e\000n\000s\000i\000t\000i\000v\000i\000t\000y\000\040\000s\000u\000m\000m\000a\000r\000y}{appendix.1.C}% 59
\BOOKMARK [2][-]{subsection.1.C.2}{\376\377\000R\000o\000b\000u\000s\000t\000n\000e\000s\000s\000\040\000o\000f\000\040\000t\000h\000e\000\040\000m\000e\000a\000n\000-\000t\000a\000i\000l\000\040\000p\000a\000r\000a\000d\000o\000x}{appendix.1.C}% 60
\BOOKMARK [2][-]{subsection.1.C.3}{\376\377\000P\000a\000r\000a\000m\000e\000t\000e\000r\000-\000l\000e\000v\000e\000l\000\040\000d\000i\000s\000c\000u\000s\000s\000i\000o\000n}{appendix.1.C}% 61
\BOOKMARK [2][-]{subsection.1.C.4}{\376\377\000E\000x\000p\000l\000o\000r\000a\000t\000o\000r\000y\000\040\000e\000x\000t\000e\000n\000s\000i\000o\000n\000:\000\040}{appendix.1.C}% 62
\BOOKMARK [2][-]{subsection.1.C.5}{\376\377\000N\000o\000t\000e\000\040\000o\000n\000\040\000p\000a\000r\000a\000m\000e\000t\000e\000r\000\040\000i\000n\000t\000e\000r\000a\000c\000t\000i\000o\000n\000s}{appendix.1.C}% 63
\BOOKMARK [1][-]{appendix.1.D}{\376\377\000A\000b\000l\000a\000t\000i\000o\000n\000\040\000s\000t\000u\000d\000y}{}% 64
\BOOKMARK [2][-]{subsection.1.D.1}{\376\377\000M\000a\000i\000n\000\040\000a\000b\000l\000a\000t\000i\000o\000n\000\040\000t\000a\000b\000l\000e}{appendix.1.D}% 65
\BOOKMARK [2][-]{subsection.1.D.2}{\376\377\000K\000e\000y\000\040\000c\000o\000n\000t\000r\000a\000s\000t\000s}{appendix.1.D}% 66
\BOOKMARK [2][-]{subsection.1.D.3}{\376\377\000T\000h\000e\000\040\000s\000c\000a\000f\000f\000o\000l\000d\000\040\000b\000e\000n\000e\000f\000i\000t\000\040\000m\000e\000t\000r\000i\000c}{appendix.1.D}% 67
\BOOKMARK [2][-]{subsection.1.D.4}{\376\377\000C\000o\000n\000t\000e\000x\000t\000u\000a\000l\000\040\000a\000n\000c\000h\000o\000r\000s}{appendix.1.D}% 68
\BOOKMARK [1][-]{appendix.1.E}{\376\377\000B\000i\000b\000l\000i\000o\000g\000r\000a\000p\000h\000i\000c\000\040\000n\000o\000t\000e\000s}{}% 69
\BOOKMARK [2][-]{subsection.1.E.1}{\376\377\000T\000h\000e\000o\000r\000e\000t\000i\000c\000a\000l\000\040\000c\000o\000r\000e}{appendix.1.E}% 70
\BOOKMARK [2][-]{subsection.1.E.2}{\376\377\000K\000e\000y\000\040\000e\000m\000p\000i\000r\000i\000c\000a\000l\000\040\000a\000n\000c\000h\000o\000r\000s}{appendix.1.E}% 71
\BOOKMARK [2][-]{subsection.1.E.3}{\376\377\000P\000r\000e\000p\000r\000i\000n\000t\000s\000\040\000r\000e\000q\000u\000i\000r\000i\000n\000g\000\040\000e\000x\000p\000l\000i\000c\000i\000t\000\040\000s\000t\000a\000t\000u\000s}{appendix.1.E}% 72
\BOOKMARK [2][-]{subsection.1.E.4}{\376\377\000M\000e\000t\000h\000o\000d\000o\000l\000o\000g\000i\000c\000a\000l\000\040\000a\000n\000d\000\040\000c\000o\000n\000c\000e\000p\000t\000u\000a\000l\000\040\000s\000o\000u\000r\000c\000e\000s}{appendix.1.E}% 73
\BOOKMARK [1][-]{appendix.1.F}{\376\377\000R\000e\000p\000r\000o\000d\000u\000c\000i\000b\000i\000l\000i\000t\000y\000\040\000n\000o\000t\000e}{}% 74
\BOOKMARK [2][-]{subsection.1.F.1}{\376\377\000C\000o\000d\000e\000\040\000r\000e\000p\000o\000s\000i\000t\000o\000r\000y}{appendix.1.F}% 75
\BOOKMARK [2][-]{subsection.1.F.2}{\376\377\000S\000e\000e\000d\000s\000\040\000a\000n\000d\000\040\000r\000e\000p\000l\000i\000c\000a\000t\000i\000o\000n\000\040\000p\000r\000o\000t\000o\000c\000o\000l}{appendix.1.F}% 76
\BOOKMARK [2][-]{subsection.1.F.3}{\376\377\000T\000w\000o\000-\000i\000m\000p\000l\000e\000m\000e\000n\000t\000a\000t\000i\000o\000n\000\040\000c\000o\000n\000v\000e\000r\000g\000e\000n\000c\000e\000\040\000c\000h\000e\000c\000k}{appendix.1.F}% 77
\BOOKMARK [2][-]{subsection.1.F.4}{\376\377\000M\000o\000d\000e\000l\000\040\000v\000e\000r\000s\000i\000o\000n\000\040\000h\000i\000s\000t\000o\000r\000y}{appendix.1.F}% 78
\BOOKMARK [2][-]{subsection.1.F.5}{\376\377\000A\000n\000a\000l\000y\000t\000i\000c\000a\000l\000\040\000r\000e\000f\000e\000r\000e\000n\000c\000e\000\040\000c\000h\000e\000c\000k}{appendix.1.F}% 79
